INFO:     Started server process [34880]
INFO:     Waiting for application startup.
INFO:     Application startup complete.
INFO:     Uvicorn running on http://0.0.0.0:7860 (Press CTRL+C to quit)
INFO:     127.0.0.1:54760 - "WebSocket /ws" [accepted]
INFO:     connection open
INFO:     connection closed
INFO:     127.0.0.1:59135 - "WebSocket /ws" [accepted]
INFO:     connection open
INFO:     connection closed
INFO:     127.0.0.1:56187 - "GET /health HTTP/1.1" 200 OK
INFO:     127.0.0.1:56189 - "GET /metadata HTTP/1.1" 200 OK
INFO:     127.0.0.1:65211 - "POST /reset HTTP/1.1" 200 OK
INFO:     127.0.0.1:56164 - "POST /step HTTP/1.1" 500 Internal Server Error
ERROR:    Exception in ASGI application
Traceback (most recent call last):
  File "C:\Users\2004a\AppData\Local\Programs\Python\Python313\Lib\site-packages\uvicorn\protocols\http\httptools_impl.py", line 409, in run_asgi
    result = await app(  # type: ignore[func-returns-value]
             ^^^^^^^^^^^^^^^^^^^^^^^^^^^^^^^^^^^^^^^^^^^^^^
        self.scope, self.receive, self.send
        ^^^^^^^^^^^^^^^^^^^^^^^^^^^^^^^^^^^
    )
    ^
  File "C:\Users\2004a\AppData\Local\Programs\Python\Python313\Lib\site-packages\uvicorn\middleware\proxy_headers.py", line 60, in __call__
    return await self.app(scope, receive, send)
           ^^^^^^^^^^^^^^^^^^^^^^^^^^^^^^^^^^^^
  File "C:\Users\2004a\AppData\Local\Programs\Python\Python313\Lib\site-packages\fastapi\applications.py", line 1134, in __call__
    await super().__call__(scope, receive, send)
  File "C:\Users\2004a\AppData\Local\Programs\Python\Python313\Lib\site-packages\starlette\applications.py", line 113, in __call__
    await self.middleware_stack(scope, receive, send)
  File "C:\Users\2004a\AppData\Local\Programs\Python\Python313\Lib\site-packages\starlette\middleware\errors.py", line 186, in __call__
    raise exc
  File "C:\Users\2004a\AppData\Local\Programs\Python\Python313\Lib\site-packages\starlette\middleware\errors.py", line 164, in __call__
    await self.app(scope, receive, _send)
  File "C:\Users\2004a\AppData\Local\Programs\Python\Python313\Lib\site-packages\starlette\middleware\exceptions.py", line 63, in __call__
    await wrap_app_handling_exceptions(self.app, conn)(scope, receive, send)
  File "C:\Users\2004a\AppData\Local\Programs\Python\Python313\Lib\site-packages\starlette\_exception_handler.py", line 53, in wrapped_app
    raise exc
  File "C:\Users\2004a\AppData\Local\Programs\Python\Python313\Lib\site-packages\starlette\_exception_handler.py", line 42, in wrapped_app
    await app(scope, receive, sender)
  File "C:\Users\2004a\AppData\Local\Programs\Python\Python313\Lib\site-packages\fastapi\middleware\asyncexitstack.py", line 18, in __call__
    await self.app(scope, receive, send)
  File "C:\Users\2004a\AppData\Local\Programs\Python\Python313\Lib\site-packages\starlette\routing.py", line 716, in __call__
    await self.middleware_stack(scope, receive, send)
  File "C:\Users\2004a\AppData\Local\Programs\Python\Python313\Lib\site-packages\starlette\routing.py", line 736, in app
    await route.handle(scope, receive, send)
  File "C:\Users\2004a\AppData\Local\Programs\Python\Python313\Lib\site-packages\starlette\routing.py", line 290, in handle
    await self.app(scope, receive, send)
  File "C:\Users\2004a\AppData\Local\Programs\Python\Python313\Lib\site-packages\fastapi\routing.py", line 125, in app
    await wrap_app_handling_exceptions(app, request)(scope, receive, send)
  File "C:\Users\2004a\AppData\Local\Programs\Python\Python313\Lib\site-packages\starlette\_exception_handler.py", line 53, in wrapped_app
    raise exc
  File "C:\Users\2004a\AppData\Local\Programs\Python\Python313\Lib\site-packages\starlette\_exception_handler.py", line 42, in wrapped_app
    await app(scope, receive, sender)
  File "C:\Users\2004a\AppData\Local\Programs\Python\Python313\Lib\site-packages\fastapi\routing.py", line 111, in app
    response = await f(request)
               ^^^^^^^^^^^^^^^^
  File "C:\Users\2004a\AppData\Local\Programs\Python\Python313\Lib\site-packages\fastapi\routing.py", line 391, in app
    raw_response = await run_endpoint_function(
                   ^^^^^^^^^^^^^^^^^^^^^^^^^^^^
    ...<3 lines>...
    )
    ^
  File "C:\Users\2004a\AppData\Local\Programs\Python\Python313\Lib\site-packages\fastapi\routing.py", line 290, in run_endpoint_function
    return await dependant.call(**values)
           ^^^^^^^^^^^^^^^^^^^^^^^^^^^^^^
  File "C:\Users\2004a\AppData\Local\Programs\Python\Python313\Lib\site-packages\openenv\core\env_server\http_server.py", line 1131, in step
    return await step_handler(request)
           ^^^^^^^^^^^^^^^^^^^^^^^^^^^
  File "C:\Users\2004a\AppData\Local\Programs\Python\Python313\Lib\site-packages\openenv\core\env_server\http_server.py", line 635, in step_handler
    observation = await self._run_sync_in_thread_pool(
                  ^^^^^^^^^^^^^^^^^^^^^^^^^^^^^^^^^^^^
        _env.step, action, **valid_kwargs
        ^^^^^^^^^^^^^^^^^^^^^^^^^^^^^^^^^
    )
    ^
  File "C:\Users\2004a\AppData\Local\Programs\Python\Python313\Lib\site-packages\openenv\core\env_server\http_server.py", line 271, in _run_sync_in_thread_pool
    return await loop.run_in_executor(self._executor, lambda: func(*args, **kwargs))
           ^^^^^^^^^^^^^^^^^^^^^^^^^^^^^^^^^^^^^^^^^^^^^^^^^^^^^^^^^^^^^^^^^^^^^^^^^
  File "C:\Users\2004a\AppData\Local\Programs\Python\Python313\Lib\concurrent\futures\thread.py", line 59, in run
    result = self.fn(*self.args, **self.kwargs)
  File "C:\Users\2004a\AppData\Local\Programs\Python\Python313\Lib\site-packages\openenv\core\env_server\http_server.py", line 271, in <lambda>
    return await loop.run_in_executor(self._executor, lambda: func(*args, **kwargs))
                                                              ~~~~^^^^^^^^^^^^^^^^^
  File "c:\Users\2004a\ai_content_compliance_rl\environment.py", line 279, in step
    reward = _grade_detection(self._detected_violations, self._gt)
  File "c:\Users\2004a\ai_content_compliance_rl\environment.py", line 125, in _grade_detection
    f1 = _f1_score(predicted, gt["violations"])
                              ~~^^^^^^^^^^^^^^
KeyError: 'violations'
INFO:     127.0.0.1:50697 - "POST /step HTTP/1.1" 500 Internal Server Error
ERROR:    Exception in ASGI application
Traceback (most recent call last):
  File "C:\Users\2004a\AppData\Local\Programs\Python\Python313\Lib\site-packages\uvicorn\protocols\http\httptools_impl.py", line 409, in run_asgi
    result = await app(  # type: ignore[func-returns-value]
             ^^^^^^^^^^^^^^^^^^^^^^^^^^^^^^^^^^^^^^^^^^^^^^
        self.scope, self.receive, self.send
        ^^^^^^^^^^^^^^^^^^^^^^^^^^^^^^^^^^^
    )
    ^
  File "C:\Users\2004a\AppData\Local\Programs\Python\Python313\Lib\site-packages\uvicorn\middleware\proxy_headers.py", line 60, in __call__
    return await self.app(scope, receive, send)
           ^^^^^^^^^^^^^^^^^^^^^^^^^^^^^^^^^^^^
  File "C:\Users\2004a\AppData\Local\Programs\Python\Python313\Lib\site-packages\fastapi\applications.py", line 1134, in __call__
    await super().__call__(scope, receive, send)
  File "C:\Users\2004a\AppData\Local\Programs\Python\Python313\Lib\site-packages\starlette\applications.py", line 113, in __call__
    await self.middleware_stack(scope, receive, send)
  File "C:\Users\2004a\AppData\Local\Programs\Python\Python313\Lib\site-packages\starlette\middleware\errors.py", line 186, in __call__
    raise exc
  File "C:\Users\2004a\AppData\Local\Programs\Python\Python313\Lib\site-packages\starlette\middleware\errors.py", line 164, in __call__
    await self.app(scope, receive, _send)
  File "C:\Users\2004a\AppData\Local\Programs\Python\Python313\Lib\site-packages\starlette\middleware\exceptions.py", line 63, in __call__
    await wrap_app_handling_exceptions(self.app, conn)(scope, receive, send)
  File "C:\Users\2004a\AppData\Local\Programs\Python\Python313\Lib\site-packages\starlette\_exception_handler.py", line 53, in wrapped_app
    raise exc
  File "C:\Users\2004a\AppData\Local\Programs\Python\Python313\Lib\site-packages\starlette\_exception_handler.py", line 42, in wrapped_app
    await app(scope, receive, sender)
  File "C:\Users\2004a\AppData\Local\Programs\Python\Python313\Lib\site-packages\fastapi\middleware\asyncexitstack.py", line 18, in __call__
    await self.app(scope, receive, send)
  File "C:\Users\2004a\AppData\Local\Programs\Python\Python313\Lib\site-packages\starlette\routing.py", line 716, in __call__
    await self.middleware_stack(scope, receive, send)
  File "C:\Users\2004a\AppData\Local\Programs\Python\Python313\Lib\site-packages\starlette\routing.py", line 736, in app
    await route.handle(scope, receive, send)
  File "C:\Users\2004a\AppData\Local\Programs\Python\Python313\Lib\site-packages\starlette\routing.py", line 290, in handle
    await self.app(scope, receive, send)
  File "C:\Users\2004a\AppData\Local\Programs\Python\Python313\Lib\site-packages\fastapi\routing.py", line 125, in app
    await wrap_app_handling_exceptions(app, request)(scope, receive, send)
  File "C:\Users\2004a\AppData\Local\Programs\Python\Python313\Lib\site-packages\starlette\_exception_handler.py", line 53, in wrapped_app
    raise exc
  File "C:\Users\2004a\AppData\Local\Programs\Python\Python313\Lib\site-packages\starlette\_exception_handler.py", line 42, in wrapped_app
    await app(scope, receive, sender)
  File "C:\Users\2004a\AppData\Local\Programs\Python\Python313\Lib\site-packages\fastapi\routing.py", line 111, in app
    response = await f(request)
               ^^^^^^^^^^^^^^^^
  File "C:\Users\2004a\AppData\Local\Programs\Python\Python313\Lib\site-packages\fastapi\routing.py", line 391, in app
    raw_response = await run_endpoint_function(
                   ^^^^^^^^^^^^^^^^^^^^^^^^^^^^
    ...<3 lines>...
    )
    ^
  File "C:\Users\2004a\AppData\Local\Programs\Python\Python313\Lib\site-packages\fastapi\routing.py", line 290, in run_endpoint_function
    return await dependant.call(**values)
           ^^^^^^^^^^^^^^^^^^^^^^^^^^^^^^
  File "C:\Users\2004a\AppData\Local\Programs\Python\Python313\Lib\site-packages\openenv\core\env_server\http_server.py", line 1131, in step
    return await step_handler(request)
           ^^^^^^^^^^^^^^^^^^^^^^^^^^^
  File "C:\Users\2004a\AppData\Local\Programs\Python\Python313\Lib\site-packages\openenv\core\env_server\http_server.py", line 635, in step_handler
    observation = await self._run_sync_in_thread_pool(
                  ^^^^^^^^^^^^^^^^^^^^^^^^^^^^^^^^^^^^
        _env.step, action, **valid_kwargs
        ^^^^^^^^^^^^^^^^^^^^^^^^^^^^^^^^^
    )
    ^
  File "C:\Users\2004a\AppData\Local\Programs\Python\Python313\Lib\site-packages\openenv\core\env_server\http_server.py", line 271, in _run_sync_in_thread_pool
    return await loop.run_in_executor(self._executor, lambda: func(*args, **kwargs))
           ^^^^^^^^^^^^^^^^^^^^^^^^^^^^^^^^^^^^^^^^^^^^^^^^^^^^^^^^^^^^^^^^^^^^^^^^^
  File "C:\Users\2004a\AppData\Local\Programs\Python\Python313\Lib\concurrent\futures\thread.py", line 59, in run
    result = self.fn(*self.args, **self.kwargs)
  File "C:\Users\2004a\AppData\Local\Programs\Python\Python313\Lib\site-packages\openenv\core\env_server\http_server.py", line 271, in <lambda>
    return await loop.run_in_executor(self._executor, lambda: func(*args, **kwargs))
                                                              ~~~~^^^^^^^^^^^^^^^^^
  File "c:\Users\2004a\ai_content_compliance_rl\environment.py", line 279, in step
    reward = _grade_detection(self._detected_violations, self._gt)
  File "c:\Users\2004a\ai_content_compliance_rl\environment.py", line 125, in _grade_detection
    f1 = _f1_score(predicted, gt["violations"])
                              ~~^^^^^^^^^^^^^^
KeyError: 'violations'
INFO:     127.0.0.1:56874 - "WebSocket /ws" [accepted]
INFO:     connection open
INFO:     connection closed
